#
# A fatal error has been detected by the Java Runtime Environment:
#
#  SIGSEGV (0xb) at pc=0x0000000110232d1e, pid=12841, tid=18691
#
# JRE version: Java(TM) SE Runtime Environment (8.0_45-b14) (build 1.8.0_45-b14)
# Java VM: Java HotSpot(TM) 64-Bit Server VM (25.45-b02 mixed mode bsd-amd64 compressed oops)
# Problematic frame:
# V  [libjvm.dylib+0x432d1e]  Method::checked_resolve_jmethod_id(_jmethodID*)+0x1c
#
# Failed to write core dump. Core dumps have been disabled. To enable core dumping, try "ulimit -c unlimited" before starting Java again
#
# If you would like to submit a bug report, please visit:
#   http://bugreport.java.com/bugreport/crash.jsp
#

---------------  T H R E A D  ---------------

Current thread (0x00007fbfdd809000):  JavaThread "JDWP Transport Listener: dt_socket" daemon [_thread_in_vm, id=18691, stack(0x000000012e448000,0x000000012e548000)]

siginfo: si_signo: 11 (SIGSEGV), si_code: 0 (unknown), si_addr: 0x0000000000000000

Registers:
RAX=0x0000000000000001, RBX=0x617638011d450001, RCX=0x00000001105fa190, RDX=0x000000012e547a8b
RSP=0x000000012e5479d0, RBP=0x000000012e5479e0, RSI=0x00007fbfdd809000, RDI=0x00007fbfdc820002
R8 =0x0000000000000000, R9 =0x00007fbfdc800000, R10=0x0000000000000010, R11=0x00007fbfdc800000
R12=0x00007fbfdd809000, R13=0x00007fbfdc820002, R14=0x00007fbfdc820002, R15=0x00007fbfdc900000
RIP=0x0000000110232d1e, EFLAGS=0x0000000000010216, ERR=0x0000000000000000
  TRAPNO=0x000000000000000d

Top of Stack: (sp=0x000000012e5479d0)
0x000000012e5479d0:   000000012e547a8b 000000012e547a8b
0x000000012e5479e0:   000000012e547a40 00000001101430d6
0x000000012e5479f0:   00007fbfdd809000 0000000000000000
0x000000012e547a00:   0000000000000000 0000000000000000
0x000000012e547a10:   00007fbfdd809000 00007fbfdd809000
0x000000012e547a20:   000000012e547a8b 000000012e547a90
0x000000012e547a30:   00007fbfdc820002 0000000000000002
0x000000012e547a40:   000000012e547a60 000000010ed9b780
0x000000012e547a50:   0000000000000001 000000012e547b08
0x000000012e547a60:   000000012e547ad0 000000010ed801f3
0x000000012e547a70:   000000012e547aa0 00007fbfdc826940
0x000000012e547a80:   0000000300000032 0000000200547b08
0x000000012e547a90:   0000000000000000 0000000000000000
0x000000012e547aa0:   0000000000000000 000000012e547c90
0x000000012e547ab0:   000000010eda2e7a 00007fbfdc91b990
0x000000012e547ac0:   000000012e547b08 000000010edae598
0x000000012e547ad0:   000000012e547ae0 000000010ed802ec
0x000000012e547ae0:   000000012e547d00 000000010ed89898
0x000000012e547af0:   00006cf200000013 00000000000f0200
0x000000012e547b00:   00007fbfdc923b70 000000012e547bb8
0x000000012e547b10:   00007fbf000000cc 000000012e547b20
0x000000012e547b20:   00007fbf00000060 000000012e547b58
0x000000012e547b30:   0000000000000000 00007f0000000000
0x000000012e547b40:   00006cf20000000f 00007fff00003f80
0x000000012e547b50:   000000012e547b58 bf7f000003000000
0x000000012e547b60:   0e000000683572da 73246164626d616c
0x000000012e547b70:   0000302474696c70 6176616a4c281500
0x000000012e547b80:   74532f676e616c2f 005a293b676e6972
0x000000012e547b90:   000a1000f0000000 005870b0dcbf7f00
0x000000012e547ba0:   74696e693c060000 562928030000003e
0x000000012e547bb0:   0200000000000000 2f00000034000000
0x000000012e547bc0:   3a00000000000000 0000000034000000 

Instructions: (pc=0x0000000110232d1e)
0x0000000110232cfe:   31 c0 5d c3 55 48 89 e5 53 48 83 ec 08 48 85 ff
0x0000000110232d0e:   74 24 48 8b 1f 48 85 db 74 1c 48 83 fb 37 74 16
0x0000000110232d1e:   48 8b 03 48 89 df ff 50 10 84 c0 b8 00 00 00 00
0x0000000110232d2e:   48 0f 45 c3 eb 02 31 c0 48 83 c4 08 5b 5d c3 90 

Register to memory mapping:

RAX=0x0000000000000001 is an unknown value
RBX=0x617638011d450001 is an unknown value
RCX=0x00000001105fa190: UseMembar+0 in /Library/Java/JavaVirtualMachines/jdk1.8.0_45.jdk/Contents/Home/jre/lib/server/libjvm.dylib at 0x000000010fe00000
RDX=0x000000012e547a8b is pointing into the stack for thread: 0x00007fbfdd809000
RSP=0x000000012e5479d0 is pointing into the stack for thread: 0x00007fbfdd809000
RBP=0x000000012e5479e0 is pointing into the stack for thread: 0x00007fbfdd809000
RSI=0x00007fbfdd809000 is a thread
RDI=0x00007fbfdc820002 is an unknown value
R8 =0x0000000000000000 is an unknown value
R9 =0x00007fbfdc800000 is an unknown value
R10=0x0000000000000010 is an unknown value
R11=0x00007fbfdc800000 is an unknown value
R12=0x00007fbfdd809000 is a thread
R13=0x00007fbfdc820002 is an unknown value
R14=0x00007fbfdc820002 is an unknown value
R15=0x00007fbfdc900000 is an unknown value


Stack: [0x000000012e448000,0x000000012e548000],  sp=0x000000012e5479d0,  free space=1022k
Native frames: (J=compiled Java code, j=interpreted, Vv=VM code, C=native code)
V  [libjvm.dylib+0x432d1e]  Method::checked_resolve_jmethod_id(_jmethodID*)+0x1c
V  [libjvm.dylib+0x3430d6]  jvmti_IsMethodSynthetic+0xb2
C  [libjdwp.dylib+0x20780]  isMethodSynthetic+0x63
C  [libjdwp.dylib+0x51f3]  methods1+0x10b
C  [libjdwp.dylib+0x52ec]  methodsWithGeneric+0xe
C  [libjdwp.dylib+0xe898]  debugLoop_run+0x1ce
C  [libjdwp.dylib+0x1f6ba]  attachThread+0x4d
V  [libjvm.dylib+0x38401c]  JvmtiAgentThread::call_start_function()+0x38
V  [libjvm.dylib+0x549acf]  JavaThread::thread_main_inner()+0x9b
V  [libjvm.dylib+0x54b1c0]  JavaThread::run()+0x1c2
V  [libjvm.dylib+0x46ea7e]  java_start(Thread*)+0xf6
C  [libsystem_pthread.dylib+0x3268]  _pthread_body+0x83
C  [libsystem_pthread.dylib+0x31e5]  _pthread_body+0x0
C  [libsystem_pthread.dylib+0x141d]  thread_start+0xd
C  0x0000000000000000


---------------  P R O C E S S  ---------------

Java Threads: ( => current thread )
  0x00007fbfde808800 JavaThread "Service Thread" daemon [_thread_blocked, id=22275, stack(0x000000012eb5d000,0x000000012ec5d000)]
  0x00007fbfdb00a800 JavaThread "C1 CompilerThread3" daemon [_thread_blocked, id=21763, stack(0x000000012ea5a000,0x000000012eb5a000)]
  0x00007fbfdd81f800 JavaThread "C2 CompilerThread2" daemon [_thread_blocked, id=21251, stack(0x000000012e957000,0x000000012ea57000)]
  0x00007fbfdd816800 JavaThread "C2 CompilerThread1" daemon [_thread_blocked, id=20739, stack(0x000000012e854000,0x000000012e954000)]
  0x00007fbfdc016800 JavaThread "C2 CompilerThread0" daemon [_thread_blocked, id=20227, stack(0x000000012e751000,0x000000012e851000)]
  0x00007fbfdd807000 JavaThread "JDWP Command Reader" daemon [_thread_in_native, id=19715, stack(0x000000012e64e000,0x000000012e74e000)]
  0x00007fbfde016000 JavaThread "JDWP Event Helper Thread" daemon [_thread_blocked, id=19203, stack(0x000000012e54b000,0x000000012e64b000)]
=>0x00007fbfdd809000 JavaThread "JDWP Transport Listener: dt_socket" daemon [_thread_in_vm, id=18691, stack(0x000000012e448000,0x000000012e548000)]
  0x00007fbfdd045800 JavaThread "Signal Dispatcher" daemon [_thread_blocked, id=15631, stack(0x000000012e33e000,0x000000012e43e000)]
  0x00007fbfdc007800 JavaThread "Finalizer" daemon [_thread_blocked, id=13571, stack(0x000000012c920000,0x000000012ca20000)]
  0x00007fbfdb811000 JavaThread "Reference Handler" daemon [_thread_blocked, id=13059, stack(0x000000012c81d000,0x000000012c91d000)]
  0x00007fbfda80d800 JavaThread "main" [_thread_blocked, id=4867, stack(0x0000000110d6a000,0x0000000110e6a000)]

Other Threads:
  0x00007fbfde005800 VMThread [stack: 0x000000012c71a000,0x000000012c81a000] [id=12547]
  0x00007fbfde809000 WatcherThread [stack: 0x000000012ec60000,0x000000012ed60000] [id=22787]

VM state:not at safepoint (normal execution)

VM Mutex/Monitor currently owned by a thread: None

Heap:
 PSYoungGen      total 76288K, used 10485K [0x000000076ab00000, 0x0000000770000000, 0x00000007c0000000)
  eden space 65536K, 16% used [0x000000076ab00000,0x000000076b53d7f0,0x000000076eb00000)
  from space 10752K, 0% used [0x000000076f580000,0x000000076f580000,0x0000000770000000)
  to   space 10752K, 0% used [0x000000076eb00000,0x000000076eb00000,0x000000076f580000)
 ParOldGen       total 175104K, used 0K [0x00000006c0000000, 0x00000006cab00000, 0x000000076ab00000)
  object space 175104K, 0% used [0x00000006c0000000,0x00000006c0000000,0x00000006cab00000)
 Metaspace       used 4828K, capacity 5234K, committed 5504K, reserved 1056768K
  class space    used 563K, capacity 597K, committed 640K, reserved 1048576K

Card table byte_map: [0x000000012022c000,0x0000000120a2d000] byte_map_base: 0x000000011cc2c000

Marking Bits: (ParMarkBitMap*) 0x00000001106c27a0
 Begin Bits: [0x000000012179b000, 0x000000012579b000)
 End Bits:   [0x000000012579b000, 0x000000012979b000)

Polling page: 0x000000010ed7a000

CodeCache: size=245760Kb used=1796Kb max_used=1814Kb free=243963Kb
 bounds [0x0000000110e6c000, 0x00000001110dc000, 0x000000011fe6c000]
 total_blobs=535 nmethods=278 adapters=179
 compilation: enabled

Compilation events (10 events):
Event: 0.455 Thread 0x00007fbfdb00a800  275       3       java.util.AbstractList::<init> (10 bytes)
Event: 0.455 Thread 0x00007fbfdb00a800 nmethod 275 0x0000000111022f90 code [0x0000000111023100, 0x0000000111023310]
Event: 0.456 Thread 0x00007fbfdb00a800  276   !   3       java.util.zip.InflaterInputStream::read (138 bytes)
Event: 0.457 Thread 0x00007fbfdb00a800 nmethod 276 0x0000000111023410 code [0x00000001110236c0, 0x00000001110247c8]
Event: 0.457 Thread 0x00007fbfdb00a800  278       3       java.util.AbstractMap::<init> (5 bytes)
Event: 0.458 Thread 0x00007fbfdb00a800 nmethod 278 0x0000000111025190 code [0x0000000111025300, 0x00000001110254b0]
Event: 0.458 Thread 0x00007fbfdb00a800  277       3       java.util.zip.InflaterInputStream::ensureOpen (18 bytes)
Event: 0.458 Thread 0x00007fbfdb00a800 nmethod 277 0x0000000111025550 code [0x00000001110256e0, 0x0000000111025948]
Event: 0.507 Thread 0x00007fbfdc016800 nmethod 270 0x000000011102a610 code [0x000000011102a900, 0x000000011102c6a0]
Event: 0.514 Thread 0x00007fbfdd816800 nmethod 274 0x000000011102de10 code [0x000000011102e120, 0x000000011102fe00]

GC Heap History (0 events):
No events

Deoptimization events (0 events):
No events

Internal exceptions (9 events):
Event: 0.096 Thread 0x00007fbfda80d800 Exception <a 'java/lang/NoSuchMethodError': Method sun.misc.Unsafe.defineClass(Ljava/lang/String;[BII)Ljava/lang/Class; name or signature does not match> (0x000000076ab12c10) thrown at [/Users/java_re/workspace/8-2-build-macosx-x86_64/jdk8u45/3457/hotspot
Event: 0.096 Thread 0x00007fbfda80d800 Exception <a 'java/lang/NoSuchMethodError': Method sun.misc.Unsafe.prefetchRead(Ljava/lang/Object;J)V name or signature does not match> (0x000000076ab12ea0) thrown at [/Users/java_re/workspace/8-2-build-macosx-x86_64/jdk8u45/3457/hotspot/src/share/vm/prim
Event: 0.191 Thread 0x00007fbfda80d800 Exception <a 'java/security/PrivilegedActionException'> (0x000000076ab74b78) thrown at [/Users/java_re/workspace/8-2-build-macosx-x86_64/jdk8u45/3457/hotspot/src/share/vm/prims/jvm.cpp, line 1382]
Event: 0.191 Thread 0x00007fbfda80d800 Exception <a 'java/security/PrivilegedActionException'> (0x000000076ab74d30) thrown at [/Users/java_re/workspace/8-2-build-macosx-x86_64/jdk8u45/3457/hotspot/src/share/vm/prims/jvm.cpp, line 1382]
Event: 0.262 Thread 0x00007fbfda80d800 Exception <a 'java/io/FileNotFoundException'> (0x000000076b0450e0) thrown at [/Users/java_re/workspace/8-2-build-macosx-x86_64/jdk8u45/3457/hotspot/src/share/vm/prims/jni.cpp, line 709]
Event: 0.279 Thread 0x00007fbfda80d800 Exception <a 'java/security/PrivilegedActionException'> (0x000000076b09aa80) thrown at [/Users/java_re/workspace/8-2-build-macosx-x86_64/jdk8u45/3457/hotspot/src/share/vm/prims/jvm.cpp, line 1382]
Event: 0.279 Thread 0x00007fbfda80d800 Exception <a 'java/security/PrivilegedActionException'> (0x000000076b09ac38) thrown at [/Users/java_re/workspace/8-2-build-macosx-x86_64/jdk8u45/3457/hotspot/src/share/vm/prims/jvm.cpp, line 1382]
Event: 0.280 Thread 0x00007fbfda80d800 Exception <a 'java/security/PrivilegedActionException'> (0x000000076b09de28) thrown at [/Users/java_re/workspace/8-2-build-macosx-x86_64/jdk8u45/3457/hotspot/src/share/vm/prims/jvm.cpp, line 1382]
Event: 0.280 Thread 0x00007fbfda80d800 Exception <a 'java/security/PrivilegedActionException'> (0x000000076b09dfe0) thrown at [/Users/java_re/workspace/8-2-build-macosx-x86_64/jdk8u45/3457/hotspot/src/share/vm/prims/jvm.cpp, line 1382]

Events (10 events):
Event: 176.344 Executing VM operation: GetOrSetLocal
Event: 176.344 Executing VM operation: GetOrSetLocal done
Event: 176.346 Executing VM operation: GetOrSetLocal
Event: 176.346 Executing VM operation: GetOrSetLocal done
Event: 176.349 Executing VM operation: GetOrSetLocal
Event: 176.349 Executing VM operation: GetOrSetLocal done
Event: 224.645 Executing VM operation: ChangeBreakpoints
Event: 224.645 Executing VM operation: ChangeBreakpoints done
Event: 258.684 Executing VM operation: RedefineClasses
Event: 258.686 Executing VM operation: RedefineClasses done


Dynamic libraries:
0x0000000003a3c000 	/System/Library/Frameworks/Cocoa.framework/Versions/A/Cocoa
0x0000000003a3c000 	/System/Library/Frameworks/Security.framework/Versions/A/Security
0x0000000003a3c000 	/System/Library/Frameworks/ApplicationServices.framework/Versions/A/ApplicationServices
0x0000000003a3c000 	/usr/lib/libz.1.dylib
0x0000000003a3c000 	/usr/lib/libSystem.B.dylib
0x0000000003a3c000 	/usr/lib/libobjc.A.dylib
0x0000000003a3c000 	/System/Library/Frameworks/CoreFoundation.framework/Versions/A/CoreFoundation
0x0000000003a3c000 	/System/Library/Frameworks/Foundation.framework/Versions/C/Foundation
0x0000000003a3c000 	/System/Library/Frameworks/AppKit.framework/Versions/C/AppKit
0x0000000003a3c000 	/System/Library/Frameworks/CoreData.framework/Versions/A/CoreData
0x0000000003a3c000 	/System/Library/PrivateFrameworks/RemoteViewServices.framework/Versions/A/RemoteViewServices
0x0000000003a3c000 	/System/Library/PrivateFrameworks/UIFoundation.framework/Versions/A/UIFoundation
0x0000000003a3c000 	/System/Library/Frameworks/IOSurface.framework/Versions/A/IOSurface
0x0000000003a3c000 	/System/Library/Frameworks/AudioToolbox.framework/Versions/A/AudioToolbox
0x0000000003a3c000 	/System/Library/Frameworks/AudioUnit.framework/Versions/A/AudioUnit
0x0000000003a3c000 	/System/Library/PrivateFrameworks/DataDetectorsCore.framework/Versions/A/DataDetectorsCore
0x0000000003a3c000 	/System/Library/PrivateFrameworks/DesktopServicesPriv.framework/Versions/A/DesktopServicesPriv
0x0000000003a3c000 	/System/Library/Frameworks/Carbon.framework/Versions/A/Frameworks/HIToolbox.framework/Versions/A/HIToolbox
0x0000000003a3c000 	/System/Library/Frameworks/QuartzCore.framework/Versions/A/QuartzCore
0x0000000003a3c000 	/System/Library/Frameworks/Carbon.framework/Versions/A/Frameworks/SpeechRecognition.framework/Versions/A/SpeechRecognition
0x0000000003a3c000 	/usr/lib/libauto.dylib
0x0000000003a3c000 	/usr/lib/libicucore.A.dylib
0x0000000003a3c000 	/usr/lib/libxml2.2.dylib
0x0000000003a3c000 	/System/Library/PrivateFrameworks/CoreUI.framework/Versions/A/CoreUI
0x0000000003a3c000 	/System/Library/Frameworks/CoreAudio.framework/Versions/A/CoreAudio
0x0000000003a3c000 	/System/Library/Frameworks/DiskArbitration.framework/Versions/A/DiskArbitration
0x0000000003a3c000 	/usr/lib/liblangid.dylib
0x0000000003a3c000 	/System/Library/PrivateFrameworks/MultitouchSupport.framework/Versions/A/MultitouchSupport
0x0000000003a3c000 	/System/Library/Frameworks/IOKit.framework/Versions/A/IOKit
0x0000000003a3c000 	/usr/lib/libDiagnosticMessagesClient.dylib
0x0000000003a3c000 	/System/Library/Frameworks/CoreServices.framework/Versions/A/CoreServices
0x0000000003a3c000 	/System/Library/PrivateFrameworks/PerformanceAnalysis.framework/Versions/A/PerformanceAnalysis
0x0000000003a3c000 	/System/Library/PrivateFrameworks/GenerationalStorage.framework/Versions/A/GenerationalStorage
0x0000000003a3c000 	/System/Library/Frameworks/OpenGL.framework/Versions/A/OpenGL
0x0000000003a3c000 	/System/Library/PrivateFrameworks/Sharing.framework/Versions/A/Sharing
0x0000000003a3c000 	/System/Library/Frameworks/CoreGraphics.framework/Versions/A/CoreGraphics
0x0000000003a3c000 	/System/Library/Frameworks/CoreText.framework/Versions/A/CoreText
0x0000000003a3c000 	/System/Library/Frameworks/ImageIO.framework/Versions/A/ImageIO
0x0000000003a3c000 	/usr/lib/libextension.dylib
0x0000000003a3c000 	/System/Library/PrivateFrameworks/Backup.framework/Versions/A/Backup
0x0000000003a3c000 	/usr/lib/libarchive.2.dylib
0x0000000003a3c000 	/System/Library/Frameworks/CFNetwork.framework/Versions/A/CFNetwork
0x0000000003a3c000 	/System/Library/Frameworks/SystemConfiguration.framework/Versions/A/SystemConfiguration
0x0000000003a3c000 	/usr/lib/libCRFSuite.dylib
0x0000000003a3c000 	/usr/lib/libc++.1.dylib
0x0000000003a3c000 	/usr/lib/libc++abi.dylib
0x0000000003a3c000 	/usr/lib/system/libcache.dylib
0x0000000003a3c000 	/usr/lib/system/libcommonCrypto.dylib
0x0000000003a3c000 	/usr/lib/system/libcompiler_rt.dylib
0x0000000003a3c000 	/usr/lib/system/libcopyfile.dylib
0x0000000003a3c000 	/usr/lib/system/libcorecrypto.dylib
0x0000000003a3c000 	/usr/lib/system/libdispatch.dylib
0x0000000003a3c000 	/usr/lib/system/libdyld.dylib
0x0000000003a3c000 	/usr/lib/system/libkeymgr.dylib
0x0000000003a3c000 	/usr/lib/system/liblaunch.dylib
0x0000000003a3c000 	/usr/lib/system/libmacho.dylib
0x0000000003a3c000 	/usr/lib/system/libquarantine.dylib
0x0000000003a3c000 	/usr/lib/system/libremovefile.dylib
0x0000000003a3c000 	/usr/lib/system/libsystem_asl.dylib
0x0000000003a3c000 	/usr/lib/system/libsystem_blocks.dylib
0x0000000003a3c000 	/usr/lib/system/libsystem_c.dylib
0x0000000003a3c000 	/usr/lib/system/libsystem_configuration.dylib
0x0000000003a3c000 	/usr/lib/system/libsystem_coreservices.dylib
0x0000000003a3c000 	/usr/lib/system/libsystem_coretls.dylib
0x0000000003a3c000 	/usr/lib/system/libsystem_dnssd.dylib
0x0000000003a3c000 	/usr/lib/system/libsystem_info.dylib
0x0000000003a3c000 	/usr/lib/system/libsystem_kernel.dylib
0x0000000003a3c000 	/usr/lib/system/libsystem_m.dylib
0x0000000003a3c000 	/usr/lib/system/libsystem_malloc.dylib
0x0000000003a3c000 	/usr/lib/system/libsystem_network.dylib
0x0000000003a3c000 	/usr/lib/system/libsystem_networkextension.dylib
0x0000000003a3c000 	/usr/lib/system/libsystem_notify.dylib
0x0000000003a3c000 	/usr/lib/system/libsystem_platform.dylib
0x0000000003a3c000 	/usr/lib/system/libsystem_pthread.dylib
0x0000000003a3c000 	/usr/lib/system/libsystem_sandbox.dylib
0x0000000003a3c000 	/usr/lib/system/libsystem_secinit.dylib
0x0000000003a3c000 	/usr/lib/system/libsystem_stats.dylib
0x0000000003a3c000 	/usr/lib/system/libsystem_trace.dylib
0x0000000003a3c000 	/usr/lib/system/libunc.dylib
0x0000000003a3c000 	/usr/lib/system/libunwind.dylib
0x0000000003a3c000 	/usr/lib/system/libxpc.dylib
0x0000000003a3c000 	/usr/lib/libbz2.1.0.dylib
0x0000000003a3c000 	/usr/lib/liblzma.5.dylib
0x0000000003a3c000 	/usr/lib/libbsm.0.dylib
0x0000000003a3c000 	/usr/lib/libsqlite3.dylib
0x0000000003a3c000 	/usr/lib/system/libkxld.dylib
0x0000000003a3c000 	/usr/lib/libxar.1.dylib
0x0000000003a3c000 	/usr/lib/libpam.2.dylib
0x0000000003a3c000 	/usr/lib/libOpenScriptingUtil.dylib
0x0000000003a3c000 	/System/Library/Frameworks/CoreServices.framework/Versions/A/Frameworks/FSEvents.framework/Versions/A/FSEvents
0x0000000003a3c000 	/System/Library/Frameworks/CoreServices.framework/Versions/A/Frameworks/CarbonCore.framework/Versions/A/CarbonCore
0x0000000003a3c000 	/System/Library/Frameworks/CoreServices.framework/Versions/A/Frameworks/Metadata.framework/Versions/A/Metadata
0x0000000003a3c000 	/System/Library/Frameworks/CoreServices.framework/Versions/A/Frameworks/OSServices.framework/Versions/A/OSServices
0x0000000003a3c000 	/System/Library/Frameworks/CoreServices.framework/Versions/A/Frameworks/SearchKit.framework/Versions/A/SearchKit
0x0000000003a3c000 	/System/Library/Frameworks/CoreServices.framework/Versions/A/Frameworks/AE.framework/Versions/A/AE
0x0000000003a3c000 	/System/Library/Frameworks/CoreServices.framework/Versions/A/Frameworks/LaunchServices.framework/Versions/A/LaunchServices
0x0000000003a3c000 	/System/Library/Frameworks/CoreServices.framework/Versions/A/Frameworks/DictionaryServices.framework/Versions/A/DictionaryServices
0x0000000003a3c000 	/System/Library/Frameworks/NetFS.framework/Versions/A/NetFS
0x0000000003a3c000 	/System/Library/PrivateFrameworks/NetAuth.framework/Versions/A/NetAuth
0x0000000003a3c000 	/System/Library/PrivateFrameworks/login.framework/Versions/A/Frameworks/loginsupport.framework/Versions/A/loginsupport
0x0000000003a3c000 	/System/Library/PrivateFrameworks/TCC.framework/Versions/A/TCC
0x0000000003a3c000 	/usr/lib/libmecabra.dylib
0x0000000003a3c000 	/System/Library/Frameworks/ApplicationServices.framework/Versions/A/Frameworks/ATS.framework/Versions/A/ATS
0x0000000003a3c000 	/System/Library/Frameworks/ApplicationServices.framework/Versions/A/Frameworks/ColorSync.framework/Versions/A/ColorSync
0x0000000003a3c000 	/System/Library/Frameworks/ApplicationServices.framework/Versions/A/Frameworks/HIServices.framework/Versions/A/HIServices
0x0000000003a3c000 	/System/Library/Frameworks/ApplicationServices.framework/Versions/A/Frameworks/LangAnalysis.framework/Versions/A/LangAnalysis
0x0000000003a3c000 	/System/Library/Frameworks/ApplicationServices.framework/Versions/A/Frameworks/PrintCore.framework/Versions/A/PrintCore
0x0000000003a3c000 	/System/Library/Frameworks/ApplicationServices.framework/Versions/A/Frameworks/QD.framework/Versions/A/QD
0x0000000003a3c000 	/System/Library/Frameworks/ApplicationServices.framework/Versions/A/Frameworks/SpeechSynthesis.framework/Versions/A/SpeechSynthesis
0x0000000003a3c000 	/System/Library/Frameworks/Accelerate.framework/Versions/A/Accelerate
0x0000000003a3c000 	/System/Library/Frameworks/Accelerate.framework/Versions/A/Frameworks/vImage.framework/Versions/A/vImage
0x0000000003a3c000 	/System/Library/Frameworks/Accelerate.framework/Versions/A/Frameworks/vecLib.framework/Versions/A/vecLib
0x0000000003a3c000 	/System/Library/Frameworks/Accelerate.framework/Versions/A/Frameworks/vecLib.framework/Versions/A/libvDSP.dylib
0x0000000003a3c000 	/System/Library/Frameworks/Accelerate.framework/Versions/A/Frameworks/vecLib.framework/Versions/A/libvMisc.dylib
0x0000000003a3c000 	/System/Library/Frameworks/Accelerate.framework/Versions/A/Frameworks/vecLib.framework/Versions/A/libLAPACK.dylib
0x0000000003a3c000 	/System/Library/Frameworks/Accelerate.framework/Versions/A/Frameworks/vecLib.framework/Versions/A/libBLAS.dylib
0x0000000003a3c000 	/System/Library/Frameworks/Accelerate.framework/Versions/A/Frameworks/vecLib.framework/Versions/A/libLinearAlgebra.dylib
0x0000000003a3c000 	/System/Library/Frameworks/ApplicationServices.framework/Versions/A/Frameworks/ATS.framework/Versions/A/Resources/libFontParser.dylib
0x0000000003a3c000 	/System/Library/Frameworks/ApplicationServices.framework/Versions/A/Frameworks/ATS.framework/Versions/A/Resources/libFontRegistry.dylib
0x0000000003a3c000 	/System/Library/PrivateFrameworks/AppleVPA.framework/Versions/A/AppleVPA
0x0000000003a3c000 	/System/Library/PrivateFrameworks/AppleJPEG.framework/Versions/A/AppleJPEG
0x0000000003a3c000 	/System/Library/Frameworks/ImageIO.framework/Versions/A/Resources/libJPEG.dylib
0x0000000003a3c000 	/System/Library/Frameworks/ImageIO.framework/Versions/A/Resources/libTIFF.dylib
0x0000000003a3c000 	/System/Library/Frameworks/ImageIO.framework/Versions/A/Resources/libPng.dylib
0x0000000003a3c000 	/System/Library/Frameworks/ImageIO.framework/Versions/A/Resources/libGIF.dylib
0x0000000003a3c000 	/System/Library/Frameworks/ImageIO.framework/Versions/A/Resources/libJP2.dylib
0x0000000003a3c000 	/System/Library/Frameworks/ImageIO.framework/Versions/A/Resources/libRadiance.dylib
0x0000000003a3c000 	/System/Library/Frameworks/CoreVideo.framework/Versions/A/CoreVideo
0x0000000003a3c000 	/System/Library/Frameworks/OpenGL.framework/Versions/A/Libraries/libGLU.dylib
0x0000000003a3c000 	/System/Library/Frameworks/OpenGL.framework/Versions/A/Libraries/libGFXShared.dylib
0x0000000003a3c000 	/System/Library/Frameworks/OpenGL.framework/Versions/A/Libraries/libGL.dylib
0x0000000003a3c000 	/System/Library/Frameworks/OpenGL.framework/Versions/A/Libraries/libGLImage.dylib
0x0000000003a3c000 	/System/Library/Frameworks/OpenGL.framework/Versions/A/Libraries/libCVMSPluginSupport.dylib
0x0000000003a3c000 	/System/Library/Frameworks/OpenGL.framework/Versions/A/Libraries/libCoreVMClient.dylib
0x0000000003a3c000 	/usr/lib/libcups.2.dylib
0x0000000003a3c000 	/System/Library/Frameworks/Kerberos.framework/Versions/A/Kerberos
0x0000000003a3c000 	/System/Library/Frameworks/GSS.framework/Versions/A/GSS
0x0000000003a3c000 	/usr/lib/libresolv.9.dylib
0x0000000003a3c000 	/usr/lib/libiconv.2.dylib
0x0000000003a3c000 	/System/Library/PrivateFrameworks/Heimdal.framework/Versions/A/Heimdal
0x0000000003a3c000 	/usr/lib/libheimdal-asn1.dylib
0x0000000003a3c000 	/System/Library/Frameworks/OpenDirectory.framework/Versions/A/OpenDirectory
0x0000000003a3c000 	/System/Library/PrivateFrameworks/CommonAuth.framework/Versions/A/CommonAuth
0x0000000003a3c000 	/System/Library/Frameworks/OpenDirectory.framework/Versions/A/Frameworks/CFOpenDirectory.framework/Versions/A/CFOpenDirectory
0x0000000003a3c000 	/System/Library/Frameworks/SecurityFoundation.framework/Versions/A/SecurityFoundation
0x0000000003a3c000 	/System/Library/PrivateFrameworks/LanguageModeling.framework/Versions/A/LanguageModeling
0x0000000003a3c000 	/usr/lib/libcmph.dylib
0x0000000003a3c000 	/System/Library/Frameworks/ServiceManagement.framework/Versions/A/ServiceManagement
0x0000000003a3c000 	/usr/lib/libxslt.1.dylib
0x0000000003a3c000 	/System/Library/Frameworks/Carbon.framework/Versions/A/Frameworks/Ink.framework/Versions/A/Ink
0x0000000003a3c000 	/System/Library/Frameworks/QuartzCore.framework/Versions/A/Frameworks/CoreImage.framework/Versions/A/CoreImage
0x0000000003a3c000 	/System/Library/PrivateFrameworks/CrashReporterSupport.framework/Versions/A/CrashReporterSupport
0x0000000003a3c000 	/System/Library/Frameworks/OpenCL.framework/Versions/A/OpenCL
0x0000000003a3c000 	/System/Library/PrivateFrameworks/FaceCore.framework/Versions/A/FaceCore
0x0000000003a3c000 	/System/Library/PrivateFrameworks/Ubiquity.framework/Versions/A/Ubiquity
0x0000000003a3c000 	/System/Library/PrivateFrameworks/IconServices.framework/Versions/A/IconServices
0x0000000003a3c000 	/System/Library/PrivateFrameworks/ChunkingLibrary.framework/Versions/A/ChunkingLibrary
0x0000000003a3c000 	/System/Library/PrivateFrameworks/Apple80211.framework/Versions/A/Apple80211
0x0000000003a3c000 	/System/Library/Frameworks/CoreWLAN.framework/Versions/A/CoreWLAN
0x0000000003a3c000 	/System/Library/Frameworks/IOBluetooth.framework/Versions/A/IOBluetooth
0x0000000003a3c000 	/System/Library/PrivateFrameworks/CoreWiFi.framework/Versions/A/CoreWiFi
0x0000000003a3c000 	/System/Library/Frameworks/CoreBluetooth.framework/Versions/A/CoreBluetooth
0x0000000003a3c000 	/System/Library/PrivateFrameworks/DebugSymbols.framework/Versions/A/DebugSymbols
0x0000000003a3c000 	/System/Library/PrivateFrameworks/CoreSymbolication.framework/Versions/A/CoreSymbolication
0x0000000003a3c000 	/System/Library/PrivateFrameworks/Symbolication.framework/Versions/A/Symbolication
0x0000000003a3c000 	/System/Library/PrivateFrameworks/SpeechRecognitionCore.framework/Versions/A/SpeechRecognitionCore
0x000000010fe00000 	/Library/Java/JavaVirtualMachines/jdk1.8.0_45.jdk/Contents/Home/jre/lib/server/libjvm.dylib
0x0000000003a3c000 	/usr/lib/libstdc++.6.dylib
0x000000010ed37000 	/Library/Java/JavaVirtualMachines/jdk1.8.0_45.jdk/Contents/Home/jre/lib/libverify.dylib
0x000000010ed45000 	/Library/Java/JavaVirtualMachines/jdk1.8.0_45.jdk/Contents/Home/jre/lib/libjava.dylib
0x000000010ed7b000 	/Library/Java/JavaVirtualMachines/jdk1.8.0_45.jdk/Contents/Home/jre/lib/libjdwp.dylib
0x000000010edc6000 	/Library/Java/JavaVirtualMachines/jdk1.8.0_45.jdk/Contents/Home/jre/lib/libnpt.dylib
0x000000010edd3000 	/Library/Java/JavaVirtualMachines/jdk1.8.0_45.jdk/Contents/Home/jre/lib/libzip.dylib
0x000000012ca22000 	/System/Library/Frameworks/JavaVM.framework/Frameworks/JavaRuntimeSupport.framework/JavaRuntimeSupport
0x000000012ca38000 	/System/Library/Frameworks/JavaVM.framework/Versions/A/Frameworks/JavaNativeFoundation.framework/Versions/A/JavaNativeFoundation
0x000000012ca4c000 	/System/Library/Frameworks/JavaVM.framework/Versions/A/JavaVM
0x0000000003a3c000 	/System/Library/Frameworks/Carbon.framework/Versions/A/Carbon
0x000000012ca58000 	/System/Library/PrivateFrameworks/JavaLaunching.framework/Versions/A/JavaLaunching
0x0000000003a3c000 	/System/Library/Frameworks/Carbon.framework/Versions/A/Frameworks/CommonPanels.framework/Versions/A/CommonPanels
0x0000000003a3c000 	/System/Library/Frameworks/Carbon.framework/Versions/A/Frameworks/Help.framework/Versions/A/Help
0x0000000003a3c000 	/System/Library/Frameworks/Carbon.framework/Versions/A/Frameworks/ImageCapture.framework/Versions/A/ImageCapture
0x0000000003a3c000 	/System/Library/Frameworks/Carbon.framework/Versions/A/Frameworks/OpenScripting.framework/Versions/A/OpenScripting
0x0000000003a3c000 	/System/Library/Frameworks/Carbon.framework/Versions/A/Frameworks/Print.framework/Versions/A/Print
0x0000000003a3c000 	/System/Library/Frameworks/Carbon.framework/Versions/A/Frameworks/SecurityHI.framework/Versions/A/SecurityHI
0x000000012e440000 	/Library/Java/JavaVirtualMachines/jdk1.8.0_45.jdk/Contents/Home/jre/lib/libdt_socket.dylib

VM Arguments:
jvm_args: -agentlib:jdwp=transport=dt_socket,address=127.0.0.1:56852,suspend=y,server=n -Dvisualvm.id=115339012126698 -ea -Dfile.encoding=UTF-8 
java_command: com.intellij.rt.execution.junit.JUnitStarter -ideVersion5 com.sothawo.taboo.common.TagUtilTest,splitTags
java_class_path (initial): /Users/peter/Applications/IntelliJ IDEA 14.app/Contents/lib/idea_rt.jar:/Users/peter/Applications/IntelliJ IDEA 14.app/Contents/plugins/junit/lib/junit-rt.jar:/Library/Java/JavaVirtualMachines/jdk1.8.0_45.jdk/Contents/Home/lib/ant-javafx.jar:/Library/Java/JavaVirtualMachines/jdk1.8.0_45.jdk/Contents/Home/lib/dt.jar:/Library/Java/JavaVirtualMachines/jdk1.8.0_45.jdk/Contents/Home/lib/javafx-mx.jar:/Library/Java/JavaVirtualMachines/jdk1.8.0_45.jdk/Contents/Home/lib/jconsole.jar:/Library/Java/JavaVirtualMachines/jdk1.8.0_45.jdk/Contents/Home/lib/packager.jar:/Library/Java/JavaVirtualMachines/jdk1.8.0_45.jdk/Contents/Home/lib/sa-jdi.jar:/Library/Java/JavaVirtualMachines/jdk1.8.0_45.jdk/Contents/Home/lib/tools.jar:/Library/Java/JavaVirtualMachines/jdk1.8.0_45.jdk/Contents/Home/jre/lib/charsets.jar:/Library/Java/JavaVirtualMachines/jdk1.8.0_45.jdk/Contents/Home/jre/lib/deploy.jar:/Library/Java/JavaVirtualMachines/jdk1.8.0_45.jdk/Contents/Home/jre/lib/javaws.jar:/Library/Java/JavaVirtualMachines/jdk1.8.0_45.jdk/Contents/Home/jre/lib/jce.jar:/Library/Java/JavaVirtualMachines/jdk1.8.0_45.jdk/Contents/Home/jre/lib/jfr.jar:/Library/Java/JavaVirtualMachines/jdk1.8.0_45.jdk/Contents/Home/jre/lib/jfxswt.jar:/Library/Java/JavaVirtualMachines/jdk1.8.0_45.jdk/Contents/Home/jre/lib/jsse.jar:/Library/Java/JavaVirtualMachines/jdk1.8.0_45.jdk/Contents/Home/jre/lib/management-agent.jar:/Library/Java/JavaVirtualMachines/jdk1.8.0_45.jdk/Contents/Home/jre/lib/plugin.jar:/Library/Java/JavaVirtualMachines/jdk1.8.0_45.jdk/Contents/Home/jre/lib/resources.jar:/Library/Java/JavaVirtualMachines/jdk1.8.0_45.jdk/Contents/Home/jre/lib/rt.jar:/Library/Java/JavaVirtualMachines/jdk1.8.0_45.jdk/Contents/Home/jre/lib/ext/cldrdata.jar:/Library/Java/JavaVirtualMachines/jdk1.8.0_45.jdk/Contents/Home/jre/lib/ext/dnsns.jar:/Library/Java/JavaVirtualMachines/jdk1.8.0_45.jdk/Contents/Home/jre/lib/ext/jfxrt.jar:/Library/Java/JavaVirtualMachines/jdk1.8.0_45.jdk/Contents/Home/jre/lib/ext/
Launcher Type: SUN_STANDARD

Environment Variables:
JAVA_HOME=/Library/Java/JavaVirtualMachines/jdk1.8.0_45.jdk/Contents/Home
PATH=/opt/local/bin:/opt/local/sbin:/opt/local/bin:/opt/local/sbin:/Users/peter/Applications:/opt/maven/bin:/opt/scala/bin:/Library/Java/JavaVirtualMachines/jdk1.8.0_45.jdk/Contents/Home/bin:/usr/local/bin:/usr/bin:/bin:/usr/sbin:/sbin:/opt/X11/bin:/usr/local/MacGPG2/bin
SHELL=/bin/bash
DISPLAY=/private/tmp/com.apple.launchd.TLhbXfFQhe/org.macosforge.xquartz:0

Signal Handlers:
SIGSEGV: [libjvm.dylib+0x58ef95], sa_mask[0]=11111111011111110111111111111111, sa_flags=SA_ONSTACK|SA_RESTART|SA_SIGINFO
SIGBUS: [libjvm.dylib+0x58ef95], sa_mask[0]=11111111011111110111111111111111, sa_flags=SA_RESTART|SA_SIGINFO
SIGFPE: [libjvm.dylib+0x46c108], sa_mask[0]=11111111011111110111111111111111, sa_flags=SA_RESTART|SA_SIGINFO
SIGPIPE: [libjvm.dylib+0x46c108], sa_mask[0]=11111111011111110111111111111111, sa_flags=SA_RESTART|SA_SIGINFO
SIGXFSZ: [libjvm.dylib+0x46c108], sa_mask[0]=11111111011111110111111111111111, sa_flags=SA_RESTART|SA_SIGINFO
SIGILL: [libjvm.dylib+0x46c108], sa_mask[0]=11111111011111110111111111111111, sa_flags=SA_RESTART|SA_SIGINFO
SIGUSR1: SIG_DFL, sa_mask[0]=00000000000000000000000000000000, sa_flags=none
SIGUSR2: [libjvm.dylib+0x46bc26], sa_mask[0]=00100000000000000000000000000000, sa_flags=SA_RESTART|SA_SIGINFO
SIGHUP: [libjvm.dylib+0x46a1f9], sa_mask[0]=11111111011111110111111111111111, sa_flags=SA_RESTART|SA_SIGINFO
SIGINT: [libjvm.dylib+0x46a1f9], sa_mask[0]=11111111011111110111111111111111, sa_flags=SA_RESTART|SA_SIGINFO
SIGTERM: [libjvm.dylib+0x46a1f9], sa_mask[0]=11111111011111110111111111111111, sa_flags=SA_RESTART|SA_SIGINFO
SIGQUIT: [libjvm.dylib+0x46a1f9], sa_mask[0]=11111111011111110111111111111111, sa_flags=SA_RESTART|SA_SIGINFO


---------------  S Y S T E M  ---------------

OS:Bsduname:Darwin 14.3.0 Darwin Kernel Version 14.3.0: Mon Mar 23 11:59:05 PDT 2015; root:xnu-2782.20.48~5/RELEASE_X86_64 x86_64
rlimit: STACK 8192k, CORE 0k, NPROC 709, NOFILE 10240, AS infinity
load average:5.72 5.69 7.05

CPU:total 8 (4 cores per cpu, 2 threads per core) family 6 model 58 stepping 9, cmov, cx8, fxsr, mmx, sse, sse2, sse3, ssse3, sse4.1, sse4.2, popcnt, avx, aes, clmul, erms, ht, tsc, tscinvbit, tscinv

Memory: 4k page, physical 16777216k(2810452k free)

/proc/meminfo:


vm_info: Java HotSpot(TM) 64-Bit Server VM (25.45-b02) for bsd-amd64 JRE (1.8.0_45-b14), built on Apr 10 2015 10:46:38 by "java_re" with gcc 4.2.1 (Based on Apple Inc. build 5658) (LLVM build 2336.11.00)

time: Sat May 30 21:40:15 2015
elapsed time: 258 seconds (0d 0h 4m 18s)

